<?xml version="1.0" encoding="UTF-8"?>
<!-- Generated by org.testng.reporters.JUnitXMLReporter -->
<testsuite ignored="0" hostname="DESKTOP-NO6ENTF" failures="0" tests="5" name="ChromeTest" time="31.411" errors="0" timestamp="2025-06-30T11:01:59 IST">
  <testcase classname="testscript.LoginTest" name="verifyTheUserIsAbleToLoginWithInvalidCredentials" time="3.231"/>
  <testcase classname="testscript.LoginTest" name="verifyTheUserIsAbleToLoginWithInvalidPassword" time="1.125"/>
  <testcase classname="testscript.LoginTest" name="verifyTheUserIsAbleToLoginWithInvalidUsername" time="1.575"/>
  <testcase classname="testscript.LoginTest" name="verifyTheUserIsAbleToLoginWithValidCredentials" time="1.576"/>
  <testcase classname="testscript.LogOutTest" name="isTheUserAbleToLogOut" time="2.329"/>
</testsuite> <!-- ChromeTest -->
