<?xml version="1.0" encoding="UTF-8"?>
<testng-results ignored="0" total="2" passed="2" failed="0" skipped="0">
  <reporter-output>
  </reporter-output>
  <suite started-at="2025-06-30T11:32:48 IST" name="MultiBrowserTesting" finished-at="2025-06-30T11:32:58 IST" duration-ms="10569">
    <groups>
    </groups>
    <test started-at="2025-06-30T11:32:48 IST" name="ChromeTest" finished-at="2025-06-30T11:32:58 IST" duration-ms="10435">
      <class name="testscript.LogOutTest">
        <test-method is-config="true" signature="browserInitialisation(java.lang.String)[pri:0, instance:testscript.LogOutTest@6aeb35e6]" started-at="2025-06-30T11:32:48 IST" name="browserInitialisation" finished-at="2025-06-30T11:32:53 IST" duration-ms="5149" status="PASS">
          <params>
            <param index="0">
              <value>
                <![CDATA[chrome]]>
              </value>
            </param>
          </params>
          <reporter-output>
          </reporter-output>
        </test-method> <!-- browserInitialisation -->
        <test-method signature="isTheUserAbleToLogOut()[pri:0, instance:testscript.LogOutTest@6aeb35e6]" started-at="2025-06-30T11:32:53 IST" name="isTheUserAbleToLogOut" finished-at="2025-06-30T11:32:58 IST" duration-ms="4773" status="PASS">
          <reporter-output>
          </reporter-output>
        </test-method> <!-- isTheUserAbleToLogOut -->
        <test-method is-config="true" signature="driverQuit(org.testng.ITestResult)[pri:0, instance:testscript.LogOutTest@6aeb35e6]" started-at="2025-06-30T11:32:58 IST" name="driverQuit" finished-at="2025-06-30T11:32:58 IST" duration-ms="421" status="PASS">
          <params>
            <param index="0">
              <value>
                <![CDATA[[TestResult name=isTheUserAbleToLogOut status=SUCCESS method=LogOutTest.isTheUserAbleToLogOut()[pri:0, instance:testscript.LogOutTest@6aeb35e6] output={null}]]]>
              </value>
            </param>
          </params>
          <reporter-output>
          </reporter-output>
        </test-method> <!-- driverQuit -->
      </class> <!-- testscript.LogOutTest -->
    </test> <!-- ChromeTest -->
    <test started-at="2025-06-30T11:32:48 IST" name="EdgeTest" finished-at="2025-06-30T11:32:58 IST" duration-ms="10569">
      <class name="testscript.LogOutTest">
        <test-method is-config="true" signature="browserInitialisation(java.lang.String)[pri:0, instance:testscript.LogOutTest@3fc2959f]" started-at="2025-06-30T11:32:48 IST" name="browserInitialisation" finished-at="2025-06-30T11:32:54 IST" duration-ms="6242" status="PASS">
          <params>
            <param index="0">
              <value>
                <![CDATA[edge]]>
              </value>
            </param>
          </params>
          <reporter-output>
          </reporter-output>
        </test-method> <!-- browserInitialisation -->
        <test-method signature="isTheUserAbleToLogOut()[pri:0, instance:testscript.LogOutTest@3fc2959f]" started-at="2025-06-30T11:32:54 IST" name="isTheUserAbleToLogOut" finished-at="2025-06-30T11:32:58 IST" duration-ms="3867" status="PASS">
          <reporter-output>
          </reporter-output>
        </test-method> <!-- isTheUserAbleToLogOut -->
        <test-method is-config="true" signature="driverQuit(org.testng.ITestResult)[pri:0, instance:testscript.LogOutTest@3fc2959f]" started-at="2025-06-30T11:32:58 IST" name="driverQuit" finished-at="2025-06-30T11:32:58 IST" duration-ms="384" status="PASS">
          <params>
            <param index="0">
              <value>
                <![CDATA[[TestResult name=isTheUserAbleToLogOut status=SUCCESS method=LogOutTest.isTheUserAbleToLogOut()[pri:0, instance:testscript.LogOutTest@3fc2959f] output={null}]]]>
              </value>
            </param>
          </params>
          <reporter-output>
          </reporter-output>
        </test-method> <!-- driverQuit -->
      </class> <!-- testscript.LogOutTest -->
    </test> <!-- EdgeTest -->
  </suite> <!-- MultiBrowserTesting -->
</testng-results>
