<?xml version="1.0" encoding="UTF-8"?>
<!-- Generated by org.testng.reporters.JUnitXMLReporter -->
<testsuite ignored="0" hostname="DESKTOP-NO6ENTF" failures="0" tests="5" name="Test" time="24.358" errors="0" timestamp="2025-06-30T11:32:32 IST">
  <testcase classname="testscript.LoginTest" name="verifyTheUserIsAbleToLoginWithInvalidCredentials" time="2.511"/>
  <testcase classname="testscript.ManageNewsTest" name="addNews" time="5.339"/>
  <testcase classname="testscript.LoginTest" name="verifyTheUserIsAbleToLoginWithInvalidPassword" time="1.215"/>
  <testcase classname="testscript.LoginTest" name="verifyTheUserIsAbleToLoginWithInvalidUsername" time="1.265"/>
  <testcase classname="testscript.LoginTest" name="verifyTheUserIsAbleToLoginWithValidCredentials" time="1.636"/>
</testsuite> <!-- Test -->
