<?xml version="1.0" encoding="UTF-8"?>
<!-- Generated by org.testng.reporters.JUnitXMLReporter -->
<testsuite ignored="0" hostname="DESKTOP-NO6ENTF" failures="0" tests="10" name="Test" time="75.08" errors="0" timestamp="2025-06-27T18:37:36 IST">
  <testcase classname="testscript.ManageCategoryTest" name="fileUpload" time="7.385"/>
  <testcase classname="testscript.ManageContactTest" name="isTheUserAbleToClickManageContact" time="4.55"/>
  <testcase classname="testscript.ManageContactTest" name="whetherTheUpdateButtonIsVisible" time="2.833"/>
  <testcase classname="testscript.ManageNewsTest" name="addNews" time="2.955"/>
  <testcase classname="testscript.LogOutTest" name="isTheUserAbleToLogOut" time="3.676"/>
  <testcase classname="testscript.ManageFooterTest" name="addNewCategory" time="3.684"/>
  <testcase classname="testscript.LoginTest" name="verifyTheUserIsAbleToLoginWithInvalidCredentials" time="1.172"/>
  <testcase classname="testscript.LoginTest" name="verifyTheUserIsAbleToLoginWithInvalidPassword" time="1.235"/>
  <testcase classname="testscript.LoginTest" name="verifyTheUserIsAbleToLoginWithInvalidUsername" time="1.326"/>
  <testcase classname="testscript.LoginTest" name="verifyTheUserIsAbleToLoginWithValidCredentials" time="1.566"/>
</testsuite> <!-- Test -->
