<?xml version="1.0" encoding="UTF-8"?>
<!-- Generated by org.testng.reporters.JUnitXMLReporter -->
<testsuite ignored="3" hostname="DESKTOP-NO6ENTF" failures="0" tests="6" name="Test" time="65.357" errors="0" timestamp="2025-06-29T18:34:05 IST">
  <testcase classname="testscript.ManageCategoryTest" name="fileUpload" time="9.34"/>
  <testcase classname="testscript.ManageContactTest" name="isTheUserAbleToClickManageContact" time="5.165"/>
  <testcase classname="testscript.ManageContactTest" name="whetherTheUpdateButtonIsVisible" time="3.86"/>
  <testcase classname="testscript.ManageNewsTest" name="addNews" time="3.288"/>
  <testcase classname="testscript.ManageFooterTest" name="addNewCategory" time="5.676"/>
  <testcase classname="testscript.LoginTest" name="verifyTheUserIsAbleToLoginWithValidCredentials" time="2.529"/>
  <testcase classname="testscript.LoginTest" name="verifyTheUserIsAbleToLoginWithInvalidUsername" time="0.0">
    <ignored/>
  </testcase> <!-- verifyTheUserIsAbleToLoginWithInvalidUsername -->
  <testcase classname="testscript.LoginTest" name="verifyTheUserIsAbleToLoginWithInvalidPassword" time="0.0">
    <ignored/>
  </testcase> <!-- verifyTheUserIsAbleToLoginWithInvalidPassword -->
  <testcase classname="testscript.LoginTest" name="verifyTheUserIsAbleToLoginWithInvalidCredentials" time="0.0">
    <ignored/>
  </testcase> <!-- verifyTheUserIsAbleToLoginWithInvalidCredentials -->
</testsuite> <!-- Test -->
