<?xml version="1.0" encoding="UTF-8"?>
<!-- Generated by org.testng.reporters.JUnitXMLReporter -->
<testsuite ignored="1" hostname="DESKTOP-NO6ENTF" failures="0" tests="1" name="Default test" time="9.193" errors="0" timestamp="2025-06-30T10:01:43 IST">
  <testcase classname="testscript.ManageContactTest" name="whetherTheUpdateButtonIsVisible" time="4.875"/>
  <testcase classname="testscript.ManageContactTest" name="isTheUserAbleToClickManageContact" time="0.0">
    <ignored/>
  </testcase> <!-- isTheUserAbleToClickManageContact -->
</testsuite> <!-- Default test -->
